<?xml version="1.0" encoding="UTF-8"?>
<!-- Generated by org.testng.reporters.JUnitReportReporter -->
<testsuite hostname="Charans-MacBook-Air.local" failures="0" tests="1" name="com.razorpay_api.ifsc.test.RazorPayIFSCTest" time="2.650" errors="0" timestamp="24 Mar 2018 07:03:14 GMT">
  <testcase classname="com.razorpay_api.ifsc.test.RazorPayIFSCTest" name="razorPayIFSCDetailsTesting" time="2.650"/>
</testsuite> <!-- com.razorpay_api.ifsc.test.RazorPayIFSCTest -->
