<?xml version="1.0" encoding="UTF-8"?>
<!-- Generated by org.testng.reporters.JUnitReportReporter -->
<testsuite hostname="Charans-MacBook-Air.local" failures="0" tests="1" name="com.razorpay_api.ifsc.test.RazorPayIFSCTest" time="3.845" errors="0" timestamp="25 Mar 2018 05:49:11 GMT">
  <testcase classname="com.razorpay_api.ifsc.test.RazorPayIFSCTest" name="razorPayIFSCDetailsTesting" time="3.845"/>
</testsuite> <!-- com.razorpay_api.ifsc.test.RazorPayIFSCTest -->
